D:\USERS\SEAVAN_CC\DOCUMENTS\VISUAL STUDIO 2012\PROJECTS\05.GOBANG\05.GOBANG\DEBUG\05.GOBANG.PCH
D:\USERS\SEAVAN_CC\DOCUMENTS\VISUAL STUDIO 2012\PROJECTS\05.GOBANG\05.GOBANG\DEBUG\STDAFX.OBJ
D:\USERS\SEAVAN_CC\DOCUMENTS\VISUAL STUDIO 2012\PROJECTS\05.GOBANG\05.GOBANG\DEBUG\VC110.PDB
D:\USERS\SEAVAN_CC\DOCUMENTS\VISUAL STUDIO 2012\PROJECTS\05.GOBANG\05.GOBANG\DEBUG\05.GOBANG.OBJ
D:\USERS\SEAVAN_CC\DOCUMENTS\VISUAL STUDIO 2012\PROJECTS\05.GOBANG\05.GOBANG\DEBUG\05.GOBANGDOC.OBJ
D:\USERS\SEAVAN_CC\DOCUMENTS\VISUAL STUDIO 2012\PROJECTS\05.GOBANG\05.GOBANG\DEBUG\05.GOBANGVIEW.OBJ
D:\USERS\SEAVAN_CC\DOCUMENTS\VISUAL STUDIO 2012\PROJECTS\05.GOBANG\05.GOBANG\DEBUG\MAINFRM.OBJ
D:\USERS\SEAVAN_CC\DOCUMENTS\VISUAL STUDIO 2012\PROJECTS\05.GOBANG\05.GOBANG\DEBUG\05.GOBANG.RES
D:\Users\Seavan_CC\Documents\Visual Studio 2012\Projects\05.gobang\05.gobang\Debug\05.gobang.obj
D:\Users\Seavan_CC\Documents\Visual Studio 2012\Projects\05.gobang\05.gobang\Debug\05.gobangDoc.obj
D:\Users\Seavan_CC\Documents\Visual Studio 2012\Projects\05.gobang\05.gobang\Debug\05.gobangView.obj
D:\Users\Seavan_CC\Documents\Visual Studio 2012\Projects\05.gobang\05.gobang\Debug\MainFrm.obj
D:\Users\Seavan_CC\Documents\Visual Studio 2012\Projects\05.gobang\05.gobang\Debug\stdafx.obj
D:\Users\Seavan_CC\Documents\Visual Studio 2012\Projects\05.gobang\05.gobang\Debug\cl.command.1.tlog
D:\Users\Seavan_CC\Documents\Visual Studio 2012\Projects\05.gobang\05.gobang\Debug\CL.read.1.tlog
D:\Users\Seavan_CC\Documents\Visual Studio 2012\Projects\05.gobang\05.gobang\Debug\CL.write.1.tlog
D:\Users\Seavan_CC\Documents\Visual Studio 2012\Projects\05.gobang\05.gobang\Debug\link-cvtres.read.1.tlog
D:\Users\Seavan_CC\Documents\Visual Studio 2012\Projects\05.gobang\05.gobang\Debug\link-cvtres.write.1.tlog
D:\Users\Seavan_CC\Documents\Visual Studio 2012\Projects\05.gobang\05.gobang\Debug\link-mt.read.1.tlog
D:\Users\Seavan_CC\Documents\Visual Studio 2012\Projects\05.gobang\05.gobang\Debug\link-mt.write.1.tlog
D:\Users\Seavan_CC\Documents\Visual Studio 2012\Projects\05.gobang\05.gobang\Debug\link-rc.read.1.tlog
D:\Users\Seavan_CC\Documents\Visual Studio 2012\Projects\05.gobang\05.gobang\Debug\link-rc.write.1.tlog
D:\Users\Seavan_CC\Documents\Visual Studio 2012\Projects\05.gobang\05.gobang\Debug\link.command.1.tlog
D:\Users\Seavan_CC\Documents\Visual Studio 2012\Projects\05.gobang\05.gobang\Debug\link.read.1.tlog
D:\Users\Seavan_CC\Documents\Visual Studio 2012\Projects\05.gobang\05.gobang\Debug\link.write.1.tlog
D:\Users\Seavan_CC\Documents\Visual Studio 2012\Projects\05.gobang\05.gobang\Debug\rc.command.1.tlog
D:\Users\Seavan_CC\Documents\Visual Studio 2012\Projects\05.gobang\05.gobang\Debug\rc.read.1.tlog
D:\Users\Seavan_CC\Documents\Visual Studio 2012\Projects\05.gobang\05.gobang\Debug\rc.write.1.tlog
D:\Users\Seavan_CC\Documents\Visual Studio 2012\Projects\05.gobang\05.gobang\Debug\05.gobang.res
D:\Users\Seavan_CC\Documents\Visual Studio 2012\Projects\05.gobang\05.gobang\Debug\05.gobang.pch
D:\Users\Seavan_CC\Documents\Visual Studio 2012\Projects\05.gobang\05.gobang\Debug\vc110.idb
D:\Users\Seavan_CC\Documents\Visual Studio 2012\Projects\05.gobang\05.gobang\Debug\vc110.pdb
D:\Users\Seavan_CC\Documents\Visual Studio 2012\Projects\05.gobang\Debug\05.gobang.pdb
